<?xml version="1.0" encoding="UTF-8"?>
<testsuite xmlns:xsi="http://www.w3.org/2001/XMLSchema-instance" xsi:noNamespaceSchemaLocation="https://maven.apache.org/surefire/maven-surefire-plugin/xsd/surefire-test-report.xsd" name="com.tp.urn.UrnTest" time="0.342" tests="22" errors="0" skipped="0" failures="0">
  <properties>
    <property name="java.specification.version" value="17"/>
    <property name="sun.cpu.isalist" value="amd64"/>
    <property name="sun.jnu.encoding" value="Cp1252"/>
    <property name="java.class.path" value="C:\Users\Usuário\git\TP_TS2\urn\target\test-classes;C:\Users\Usuário\git\TP_TS2\urn\target\classes;C:\Users\Usuário\.m2\repository\junit\junit\4.11\junit-4.11.jar;C:\Users\Usuário\.m2\repository\org\hamcrest\hamcrest-core\1.3\hamcrest-core-1.3.jar;"/>
    <property name="java.vm.vendor" value="Eclipse Adoptium"/>
    <property name="sun.arch.data.model" value="64"/>
    <property name="user.variant" value=""/>
    <property name="java.vendor.url" value="https://adoptium.net/"/>
    <property name="user.timezone" value="America/Sao_Paulo"/>
    <property name="os.name" value="Windows 11"/>
    <property name="java.vm.specification.version" value="17"/>
    <property name="sun.java.launcher" value="SUN_STANDARD"/>
    <property name="user.country" value="BR"/>
    <property name="sun.boot.library.path" value="C:\Users\Usuário\.p2\pool\plugins\org.eclipse.justj.openjdk.hotspot.jre.full.win32.x86_64_17.0.11.v20240426-1830\jre\bin"/>
    <property name="sun.java.command" value="C:\Users\USURIO~2\AppData\Local\Temp\surefire5183387432227172750\surefirebooter12563898749277233227.jar C:\Users\Usuário\AppData\Local\Temp\surefire5183387432227172750 2024-06-30T17-05-03_847-jvmRun1 surefire6706633774897151199tmp surefire_07978204225389224927tmp"/>
    <property name="jdk.debug" value="release"/>
    <property name="surefire.test.class.path" value="C:\Users\Usuário\git\TP_TS2\urn\target\test-classes;C:\Users\Usuário\git\TP_TS2\urn\target\classes;C:\Users\Usuário\.m2\repository\junit\junit\4.11\junit-4.11.jar;C:\Users\Usuário\.m2\repository\org\hamcrest\hamcrest-core\1.3\hamcrest-core-1.3.jar;"/>
    <property name="sun.cpu.endian" value="little"/>
    <property name="user.home" value="C:\Users\Usuário"/>
    <property name="user.language" value="pt"/>
    <property name="java.specification.vendor" value="Oracle Corporation"/>
    <property name="java.version.date" value="2024-04-16"/>
    <property name="java.home" value="C:\Users\Usuário\.p2\pool\plugins\org.eclipse.justj.openjdk.hotspot.jre.full.win32.x86_64_17.0.11.v20240426-1830\jre"/>
    <property name="file.separator" value="\"/>
    <property name="style.color" value="always"/>
    <property name="basedir" value="C:\Users\Usuário\git\TP_TS2\urn"/>
    <property name="java.vm.compressedOopsMode" value="32-bit"/>
    <property name="line.separator" value="&#10;"/>
    <property name="java.vm.specification.vendor" value="Oracle Corporation"/>
    <property name="java.specification.name" value="Java Platform API Specification"/>
    <property name="surefire.real.class.path" value="C:\Users\USURIO~2\AppData\Local\Temp\surefire5183387432227172750\surefirebooter12563898749277233227.jar"/>
    <property name="user.script" value=""/>
    <property name="sun.management.compiler" value="HotSpot 64-Bit Tiered Compilers"/>
    <property name="java.runtime.version" value="17.0.11+9"/>
    <property name="user.name" value="Usuário"/>
    <property name="path.separator" value=";"/>
    <property name="os.version" value="10.0"/>
    <property name="java.runtime.name" value="OpenJDK Runtime Environment"/>
    <property name="file.encoding" value="UTF-8"/>
    <property name="java.vm.name" value="OpenJDK 64-Bit Server VM"/>
    <property name="java.vendor.version" value="Temurin-17.0.11+9"/>
    <property name="localRepository" value="C:\Users\Usuário\.m2\repository"/>
    <property name="java.vendor.url.bug" value="https://github.com/adoptium/adoptium-support/issues"/>
    <property name="java.io.tmpdir" value="C:\Users\USURIO~2\AppData\Local\Temp\"/>
    <property name="java.version" value="17.0.11"/>
    <property name="user.dir" value="C:\Users\Usuário\git\TP_TS2\urn"/>
    <property name="os.arch" value="amd64"/>
    <property name="java.vm.specification.name" value="Java Virtual Machine Specification"/>
    <property name="sun.os.patch.level" value=""/>
    <property name="native.encoding" value="Cp1252"/>
    <property name="java.library.path" value="C:\Users\Usuário\.p2\pool\plugins\org.eclipse.justj.openjdk.hotspot.jre.full.win32.x86_64_17.0.11.v20240426-1830\jre\bin;C:\Windows\Sun\Java\bin;C:\Windows\system32;C:\Windows;C:/Users/Usuário/.p2/pool/plugins/org.eclipse.justj.openjdk.hotspot.jre.full.win32.x86_64_17.0.11.v20240426-1830/jre/bin/server;C:/Users/Usuário/.p2/pool/plugins/org.eclipse.justj.openjdk.hotspot.jre.full.win32.x86_64_17.0.11.v20240426-1830/jre/bin;C:\Program Files (x86)\Common Files\Oracle\Java\javapath;C:\Windows\system32;C:\Windows;C:\Windows\System32\Wbem;C:\Windows\System32\WindowsPowerShell\v1.0\;C:\Windows\System32\OpenSSH\;C:\Program Files\Git\cmd;C:\Program Files\Docker\Docker\resources\bin;C:\Users\Usuário\AppData\Local\Programs\Python\Python312\Scripts\;C:\Users\Usuário\AppData\Local\Programs\Python\Python312\;C:\Users\Usuário\AppData\Local\Programs\Python\Launcher\;C:\Users\Usuário\AppData\Local\Microsoft\WindowsApps;;C:\Users\Usuário\AppData\Local\Programs\Microsoft VS Code\bin;C:\Windows\System32;;."/>
    <property name="java.vm.info" value="mixed mode"/>
    <property name="java.vendor" value="Eclipse Adoptium"/>
    <property name="java.vm.version" value="17.0.11+9"/>
    <property name="sun.io.unicode.encoding" value="UnicodeLittle"/>
    <property name="java.class.version" value="61.0"/>
  </properties>
  <testcase name="AuthenticateVoter_WrongTitle_Failure" classname="com.tp.urn.UrnTest" time="0"/>
  <testcase name="ReadVoterCandidates_VoteNull_Success" classname="com.tp.urn.UrnTest" time="0"/>
  <testcase name="AuthenticateVoter_CorrectTitle_Success" classname="com.tp.urn.UrnTest" time="0"/>
  <testcase name="ReadVoterCandidates_CorrectVotes_Success" classname="com.tp.urn.UrnTest" time="0.029"/>
  <testcase name="ReadVoterCandidates_WrongVotes_Failure" classname="com.tp.urn.UrnTest" time="0.043"/>
  <testcase name="AllTypesOfNullVote" classname="com.tp.urn.UrnTest" time="0.025"/>
  <testcase name="NullIfVoteInexistentVote" classname="com.tp.urn.UrnTest" time="0.028"/>
  <testcase name="NullElectionWithMixedInvalidVotes" classname="com.tp.urn.UrnTest" time="0.009"/>
  <testcase name="StartOfVotingSession_WrongPassword_Failure" classname="com.tp.urn.UrnTest" time="0.019"/>
  <testcase name="TryToEnd_EmptyTitle" classname="com.tp.urn.UrnTest" time="0.008"/>
  <testcase name="Main_110Inputs_RunsBefore1Sec" classname="com.tp.urn.UrnTest" time="0.06"/>
  <testcase name="TryToEnd_WrongPassword_Failure" classname="com.tp.urn.UrnTest" time="0.012"/>
  <testcase name="testPresidenceTies" classname="com.tp.urn.UrnTest" time="0.009"/>
  <testcase name="TryToEnd_WrongTitleFormatSpecialCharacters" classname="com.tp.urn.UrnTest" time="0.008"/>
  <testcase name="TestAllValidVotes" classname="com.tp.urn.UrnTest" time="0.013"/>
  <testcase name="ReadVoterCandidates_VoteBranco_Success" classname="com.tp.urn.UrnTest" time="0.009"/>
  <testcase name="TryToEnd_UserEndsSession" classname="com.tp.urn.UrnTest" time="0.006"/>
  <testcase name="AuthenticateVoter_TryToVoteTwice_Failure" classname="com.tp.urn.UrnTest" time="0.013"/>
  <testcase name="TryToEnd_CorrectPassword_Success" classname="com.tp.urn.UrnTest" time="0.007"/>
  <testcase name="testCongressmenTies" classname="com.tp.urn.UrnTest" time="0.006"/>
  <testcase name="TryToEnd_WrongTitleFormat" classname="com.tp.urn.UrnTest" time="0.008"/>
  <testcase name="StartOfVotingSession_CorrectPassword_Success" classname="com.tp.urn.UrnTest" time="0.007"/>
</testsuite>